2025-07-05 17:40:51 improve caching
2025-11-25 05:39:45 add TODOs
2025-03-18 00:22:10 improve logging format
2025-07-23 13:08:05 update feature
2025-09-10 12:02:04 update documentation
2025-01-08 06:30:57 better defaults
2025-01-19 23:54:28 upgrade dependencies
2025-03-29 03:54:12 update API keys
2025-05-18 09:31:14 reduce complexity
2025-09-25 10:27:56 fix timezone issue
2025-02-11 20:40:17 remove unused import
2025-08-21 03:14:05 minor changes
2025-09-10 06:31:03 fix warnings
2025-06-09 10:02:29 improve caching
2025-05-02 15:09:56 style improvements
2025-11-15 05:36:42 enhance logging
2025-04-26 00:23:33 remove test code
2025-09-22 12:19:37 fix warnings
2025-07-23 03:49:39 enhance logging
2025-12-23 18:58:13 enhance error reporting
2025-01-29 08:18:40 fix timezone issue
2025-12-08 21:25:52 update configs
2025-12-17 22:16:22 fix broken link
2025-01-12 22:12:06 fix warnings
2025-03-31 01:01:24 better error handling
2025-11-16 14:58:22 improve UX
2025-05-02 06:52:57 add tests
2025-08-29 16:43:17 hotfix applied
2025-02-26 05:07:39 improve performance
2025-08-26 12:32:13 minor changes
2025-11-06 21:38:46 simplify logic
2025-03-25 05:06:43 fix async issue
2025-02-12 22:02:01 update docs with examples
2025-09-21 02:30:39 update metadata
2025-08-01 10:34:02 update headers
2025-05-21 08:28:42 clean project structure
2025-08-04 19:26:13 update constants
2025-04-22 01:58:25 adjust validation rules
2025-06-08 13:18:05 fix typo in docs
2025-08-12 05:29:38 remove unused code
2025-06-14 00:54:39 stabilize build
2025-02-20 03:30:25 enhance logging
2025-04-29 05:15:09 add helper function
2025-04-05 08:46:04 restructure project
2025-04-10 22:59:00 remove test code
2025-05-16 18:38:46 reorganize files
2025-04-22 12:54:40 update feature
2025-08-22 18:19:16 update build script
2025-09-02 10:07:38 fix crash issue
2025-06-22 15:55:05 change configuration
2025-08-18 04:52:25 tweak configs
2025-02-13 17:31:46 update constants
2025-10-21 08:50:38 update comments
2025-07-22 21:42:52 adjust validation rules
2025-05-17 20:25:27 update gitignore
2025-04-28 19:01:37 enhance logging
2025-11-28 13:47:01 minor refactor
2025-04-30 23:55:52 update roadmap
